\BOOKMARK [0][-]{chapter.1}{\376\377\000P\000r\000\351\000s\000e\000n\000t\000a\000t\000i\000o\000n\000\040\000d\000e\000\040\000l\000'\000A\000p\000p\000l\000i\000c\000a\000t\000i\000o\000n}{}% 1
\BOOKMARK [1][-]{section.1.1}{\376\377\000Q\000u\000'\000e\000s\000t\000-\000c\000e\000\040\000q\000u\000e\000\040\000l\000'\000a\000p\000p\000l\000i\000c\000a\000t\000i\000o\000n\000\040\000M\000o\000n\000E\000c\000o\000l\000e\000\040\000P\000a\000r\000e\000n\000t\000s\000\040\000?}{chapter.1}% 2
\BOOKMARK [1][-]{section.1.2}{\376\377\000F\000o\000n\000c\000t\000i\000o\000n\000n\000a\000l\000i\000t\000\351\000s\000\040\000p\000r\000i\000n\000c\000i\000p\000a\000l\000e\000s}{chapter.1}% 3
\BOOKMARK [1][-]{section.1.3}{\376\377\000A\000c\000c\000\350\000s\000\040\000\340\000\040\000l\000'\000a\000p\000p\000l\000i\000c\000a\000t\000i\000o\000n}{chapter.1}% 4
\BOOKMARK [0][-]{chapter.2}{\376\377\000I\000n\000s\000t\000a\000l\000l\000e\000r\000\040\000l\000'\000A\000p\000p\000l\000i\000c\000a\000t\000i\000o\000n\000\040\000s\000u\000r\000\040\000v\000o\000t\000r\000e\000\040\000A\000p\000p\000a\000r\000e\000i\000l}{}% 5
\BOOKMARK [1][-]{section.2.1}{\376\377\000S\000u\000r\000\040\000A\000n\000d\000r\000o\000i\000d\000\040\000\050\000G\000o\000o\000g\000l\000e\000\040\000C\000h\000r\000o\000m\000e\000\051}{chapter.2}% 6
\BOOKMARK [1][-]{section.2.2}{\376\377\000S\000u\000r\000\040\000i\000P\000h\000o\000n\000e\000\040\000/\000\040\000i\000P\000a\000d\000\040\000\050\000S\000a\000f\000a\000r\000i\000\051}{chapter.2}% 7
\BOOKMARK [1][-]{section.2.3}{\376\377\000S\000u\000r\000\040\000O\000r\000d\000i\000n\000a\000t\000e\000u\000r\000\040\000\050\000W\000i\000n\000d\000o\000w\000s\000,\000\040\000m\000a\000c\000O\000S\000,\000\040\000L\000i\000n\000u\000x\000\051}{chapter.2}% 8
\BOOKMARK [0][-]{chapter.3}{\376\377\000C\000o\000n\000n\000e\000x\000i\000o\000n\000\040\000e\000t\000\040\000A\000u\000t\000h\000e\000n\000t\000i\000f\000i\000c\000a\000t\000i\000o\000n}{}% 9
\BOOKMARK [1][-]{section.3.1}{\376\377\000S\000e\000\040\000c\000o\000n\000n\000e\000c\000t\000e\000r\000\040\000p\000o\000u\000r\000\040\000l\000a\000\040\000p\000r\000e\000m\000i\000\350\000r\000e\000\040\000f\000o\000i\000s}{chapter.3}% 10
\BOOKMARK [1][-]{section.3.2}{\376\377\000S\000e\000\040\000d\000\351\000c\000o\000n\000n\000e\000c\000t\000e\000r}{chapter.3}% 11
\BOOKMARK [0][-]{chapter.4}{\376\377\000P\000a\000g\000e\000\040\000d\000'\000A\000c\000c\000u\000e\000i\000l\000\040\040\024\000\040\000M\000e\000s\000\040\000E\000n\000f\000a\000n\000t\000s}{}% 12
\BOOKMARK [1][-]{section.4.1}{\376\377\000P\000r\000\351\000s\000e\000n\000t\000a\000t\000i\000o\000n\000\040\000d\000e\000\040\000l\000'\000a\000c\000c\000u\000e\000i\000l}{chapter.4}% 13
\BOOKMARK [0][-]{chapter.5}{\376\377\000L\000e\000\040\000M\000e\000n\000u\000\040\000F\000l\000o\000t\000t\000a\000n\000t\000\040\000\050\000F\000A\000B\000\051}{}% 14
\BOOKMARK [1][-]{section.5.1}{\376\377\000F\000o\000n\000c\000t\000i\000o\000n\000n\000e\000m\000e\000n\000t}{chapter.5}% 15
\BOOKMARK [1][-]{section.5.2}{\376\377\000L\000e\000s\000\040\0007\000\040\000o\000p\000t\000i\000o\000n\000s\000\040\000d\000u\000\040\000m\000e\000n\000u}{chapter.5}% 16
\BOOKMARK [0][-]{chapter.6}{\376\377\000S\000e\000c\000t\000i\000o\000n\000\040\000I\000n\000f\000o\000r\000m\000a\000t\000i\000o\000n\000s}{}% 17
\BOOKMARK [1][-]{section.6.1}{\376\377\000C\000o\000n\000t\000e\000n\000u\000\040\000d\000e\000\040\000l\000a\000\040\000f\000i\000c\000h\000e}{chapter.6}% 18
\BOOKMARK [0][-]{chapter.7}{\376\377\000S\000e\000c\000t\000i\000o\000n\000\040\000P\000r\000o\000f\000i\000l\000\040\040\024\000\040\000M\000o\000d\000i\000f\000i\000e\000r\000\040\000l\000e\000s\000\040\000D\000o\000n\000n\000\351\000e\000s}{}% 19
\BOOKMARK [1][-]{section.7.1}{\376\377\000M\000o\000d\000i\000f\000i\000e\000r\000\040\000l\000e\000\040\000p\000r\000o\000f\000i\000l\000\040\000d\000e\000\040\000l\000'\000e\000n\000f\000a\000n\000t}{chapter.7}% 20
\BOOKMARK [0][-]{chapter.8}{\376\377\000S\000e\000c\000t\000i\000o\000n\000\040\000T\000a\000b\000l\000e\000a\000u\000\040\000d\000e\000\040\000B\000o\000r\000d}{}% 21
\BOOKMARK [1][-]{section.8.1}{\376\377\000V\000u\000e\000\040\000d\000'\000e\000n\000s\000e\000m\000b\000l\000e}{chapter.8}% 22
\BOOKMARK [2][-]{subsection.8.1.1}{\376\377\000P\000a\000n\000n\000e\000a\000u\000\040\000P\000r\000\351\000s\000e\000n\000c\000e}{section.8.1}% 23
\BOOKMARK [2][-]{subsection.8.1.2}{\376\377\000P\000a\000n\000n\000e\000a\000u\000\040\000C\000o\000n\000d\000u\000i\000t\000e}{section.8.1}% 24
\BOOKMARK [2][-]{subsection.8.1.3}{\376\377\000P\000a\000n\000n\000e\000a\000u\000\040\000\311\000v\000o\000l\000u\000t\000i\000o\000n}{section.8.1}% 25
\BOOKMARK [0][-]{chapter.9}{\376\377\000S\000e\000c\000t\000i\000o\000n\000\040\000N\000o\000t\000e\000s\000\040\000e\000t\000\040\000\311\000v\000a\000l\000u\000a\000t\000i\000o\000n\000s}{}% 26
\BOOKMARK [1][-]{section.9.1}{\376\377\000C\000o\000n\000s\000u\000l\000t\000e\000r\000\040\000l\000e\000s\000\040\000n\000o\000t\000e\000s}{chapter.9}% 27
\BOOKMARK [0][-]{chapter.10}{\376\377\000S\000e\000c\000t\000i\000o\000n\000\040\000P\000a\000i\000e\000m\000e\000n\000t\000s}{}% 28
\BOOKMARK [1][-]{section.10.1}{\376\377\000C\000o\000n\000s\000u\000l\000t\000e\000r\000\040\000l\000a\000\040\000s\000i\000t\000u\000a\000t\000i\000o\000n\000\040\000f\000i\000n\000a\000n\000c\000i\000\350\000r\000e}{chapter.10}% 29
\BOOKMARK [2][-]{subsection.10.1.1}{\376\377\000P\000a\000n\000n\000e\000a\000u\000\040\000S\000o\000l\000d\000e\000s}{section.10.1}% 30
\BOOKMARK [2][-]{subsection.10.1.2}{\376\377\000P\000a\000n\000n\000e\000a\000u\000\040\000H\000i\000s\000t\000o\000r\000i\000q\000u\000e}{section.10.1}% 31
\BOOKMARK [0][-]{chapter.11}{\376\377\000S\000e\000c\000t\000i\000o\000n\000\040\000M\000e\000s\000s\000a\000g\000e\000r\000i\000e}{}% 32
\BOOKMARK [1][-]{section.11.1}{\376\377\000P\000r\000\351\000s\000e\000n\000t\000a\000t\000i\000o\000n\000\040\000d\000e\000\040\000l\000a\000\040\000m\000e\000s\000s\000a\000g\000e\000r\000i\000e}{chapter.11}% 33
\BOOKMARK [1][-]{section.11.2}{\376\377\000I\000n\000t\000e\000r\000f\000a\000c\000e\000\040\000d\000e\000\040\000l\000a\000\040\000m\000e\000s\000s\000a\000g\000e\000r\000i\000e}{chapter.11}% 34
\BOOKMARK [1][-]{section.11.3}{\376\377\000P\000o\000u\000r\000\040\000l\000i\000r\000e\000\040\000e\000t\000\040\000r\000\351\000p\000o\000n\000d\000r\000e\000\040\000a\000u\000x\000\040\000m\000e\000s\000s\000a\000g\000e\000s}{chapter.11}% 35
\BOOKMARK [1][-]{section.11.4}{\376\377\000T\000y\000p\000e\000s\000\040\000d\000e\000\040\000m\000e\000s\000s\000a\000g\000e\000s}{chapter.11}% 36
\BOOKMARK [0][-]{chapter.12}{\376\377\000R\000\351\000f\000\351\000r\000e\000n\000c\000e\000\040\000R\000a\000p\000i\000d\000e}{}% 37
\BOOKMARK [1][-]{section.12.1}{\376\377\000R\000a\000c\000c\000o\000u\000r\000c\000i\000s\000\040\000d\000e\000\040\000n\000a\000v\000i\000g\000a\000t\000i\000o\000n}{chapter.12}% 38
\BOOKMARK [1][-]{section.12.2}{\376\377\000R\000\351\000s\000o\000l\000u\000t\000i\000o\000n\000\040\000d\000e\000\040\000p\000r\000o\000b\000l\000\350\000m\000e\000s\000\040\000c\000o\000u\000r\000a\000n\000t\000s}{chapter.12}% 39
\BOOKMARK [1][-]{section.12.3}{\376\377\000G\000l\000o\000s\000s\000a\000i\000r\000e}{chapter.12}% 40
