\BOOKMARK [0][-]{chapter.1}{\376\377\000I\000n\000t\000r\000o\000d\000u\000c\000t\000i\000o\000n\000\040\000a\000u\000\040\000M\000o\000d\000u\000l\000e\000\040\000R\000e\000c\000o\000u\000v\000r\000e\000m\000e\000n\000t}{}% 1
\BOOKMARK [1][-]{section.1.1}{\376\377\000P\000r\000\351\000s\000e\000n\000t\000a\000t\000i\000o\000n\000\040\000g\000\351\000n\000\351\000r\000a\000l\000e}{chapter.1}% 2
\BOOKMARK [1][-]{section.1.2}{\376\377\000F\000l\000u\000x\000\040\000d\000e\000\040\000t\000r\000a\000v\000a\000i\000l\000\040\000r\000e\000c\000o\000m\000m\000a\000n\000d\000\351}{chapter.1}% 3
\BOOKMARK [1][-]{section.1.3}{\376\377\000C\000o\000n\000c\000e\000p\000t\000s\000\040\000c\000l\000\351\000s}{chapter.1}% 4
\BOOKMARK [0][-]{chapter.2}{\376\377\000S\000e\000c\000t\000i\000o\000n\000\040\0001\000\040\040\024\000\040\000D\000a\000s\000h\000b\000o\000a\000r\000d\000\040\000F\000i\000n\000a\000n\000c\000i\000e\000r}{}% 5
\BOOKMARK [1][-]{section.2.1}{\376\377\000O\000b\000j\000e\000c\000t\000i\000f\000\040\000d\000e\000\040\000c\000e\000t\000t\000e\000\040\000s\000e\000c\000t\000i\000o\000n}{chapter.2}% 6
\BOOKMARK [1][-]{section.2.2}{\376\377\000L\000e\000s\000\040\000i\000n\000d\000i\000c\000a\000t\000e\000u\000r\000s\000\040\000c\000l\000\351\000s}{chapter.2}% 7
\BOOKMARK [0][-]{chapter.3}{\376\377\000S\000e\000c\000t\000i\000o\000n\000\040\0002\000\040\040\024\000\040\000G\000e\000s\000t\000i\000o\000n\000\040\000d\000e\000s\000\040\000P\000a\000i\000e\000m\000e\000n\000t\000s}{}% 8
\BOOKMARK [1][-]{section.3.1}{\376\377\000O\000b\000j\000e\000c\000t\000i\000f\000\040\000d\000e\000\040\000c\000e\000t\000t\000e\000\040\000s\000e\000c\000t\000i\000o\000n}{chapter.3}% 9
\BOOKMARK [1][-]{section.3.2}{\376\377\000C\000o\000m\000p\000r\000e\000n\000d\000r\000e\000\040\000l\000'\000i\000n\000t\000e\000r\000f\000a\000c\000e}{chapter.3}% 10
\BOOKMARK [1][-]{section.3.3}{\376\377\000P\000o\000u\000r\000\040\000e\000n\000r\000e\000g\000i\000s\000t\000r\000e\000r\000\040\000u\000n\000\040\000n\000o\000u\000v\000e\000a\000u\000\040\000p\000a\000i\000e\000m\000e\000n\000t}{chapter.3}% 11
\BOOKMARK [1][-]{section.3.4}{\376\377\000P\000o\000u\000r\000\040\000v\000a\000l\000i\000d\000e\000r\000\040\000o\000u\000\040\000r\000e\000j\000e\000t\000e\000r\000\040\000u\000n\000\040\000p\000a\000i\000e\000m\000e\000n\000t}{chapter.3}% 12
\BOOKMARK [1][-]{section.3.5}{\376\377\000P\000o\000u\000r\000\040\000g\000\351\000n\000\351\000r\000e\000r\000\040\000u\000n\000e\000\040\000f\000i\000c\000h\000e\000\040\000d\000e\000\040\000p\000a\000i\000e\000m\000e\000n\000t\000\040\000P\000D\000F}{chapter.3}% 13
\BOOKMARK [0][-]{chapter.4}{\376\377\000S\000e\000c\000t\000i\000o\000n\000\040\0003\000\040\040\024\000\040\000C\000o\000n\000f\000i\000g\000u\000r\000a\000t\000i\000o\000n\000\040\000F\000i\000n\000a\000n\000c\000i\000\350\000r\000e}{}% 14
\BOOKMARK [1][-]{section.4.1}{\376\377\000O\000b\000j\000e\000c\000t\000i\000f\000\040\000d\000e\000\040\000c\000e\000t\000t\000e\000\040\000s\000e\000c\000t\000i\000o\000n}{chapter.4}% 15
\BOOKMARK [1][-]{section.4.2}{\376\377\000O\000n\000g\000l\000e\000t\000\040\0001\000\040\040\024\000\040\000C\000a\000t\000\351\000g\000o\000r\000i\000e\000s\000\040\000d\000e\000\040\000V\000a\000r\000i\000a\000b\000l\000e\000s}{chapter.4}% 16
\BOOKMARK [1][-]{section.4.3}{\376\377\000O\000n\000g\000l\000e\000t\000\040\0002\000\040\040\024\000\040\000V\000a\000r\000i\000a\000b\000l\000e\000s\000\040\000d\000e\000\040\000P\000a\000i\000e\000m\000e\000n\000t}{chapter.4}% 17
\BOOKMARK [1][-]{section.4.4}{\376\377\000O\000n\000g\000l\000e\000t\000\040\0003\000\040\040\024\000\040\000P\000r\000i\000x\000\040\000p\000a\000r\000\040\000V\000a\000r\000i\000a\000b\000l\000e\000\040\000e\000t\000\040\000C\000l\000a\000s\000s\000e}{chapter.4}% 18
\BOOKMARK [1][-]{section.4.5}{\376\377\000O\000n\000g\000l\000e\000t\000\040\0004\000\040\040\024\000\040\000R\000\350\000g\000l\000e\000s\000\040\000d\000e\000\040\000P\000\351\000n\000a\000l\000i\000t\000\351}{chapter.4}% 19
\BOOKMARK [1][-]{section.4.6}{\376\377\000O\000n\000g\000l\000e\000t\000\040\0005\000\040\040\024\000\040\000D\000a\000t\000e\000s\000\040\000B\000u\000t\000o\000i\000r\000e\000s}{chapter.4}% 20
\BOOKMARK [1][-]{section.4.7}{\376\377\000O\000n\000g\000l\000e\000t\000\040\0006\000\040\040\024\000\040\000B\000a\000n\000q\000u\000e\000s\000\040\000e\000t\000\040\000C\000o\000m\000p\000t\000e\000s}{chapter.4}% 21
\BOOKMARK [0][-]{chapter.5}{\376\377\000S\000e\000c\000t\000i\000o\000n\000\040\0004\000\040\040\024\000\040\000E\000n\000t\000r\000\351\000e\000s\000\040\000e\000t\000\040\000S\000o\000r\000t\000i\000e\000s\000\040\000d\000e\000\040\000C\000a\000i\000s\000s\000e}{}% 22
\BOOKMARK [1][-]{section.5.1}{\376\377\000O\000b\000j\000e\000c\000t\000i\000f\000\040\000d\000e\000\040\000c\000e\000t\000t\000e\000\040\000s\000e\000c\000t\000i\000o\000n}{chapter.5}% 23
\BOOKMARK [1][-]{section.5.2}{\376\377\000L\000e\000s\000\040\000i\000n\000d\000i\000c\000a\000t\000e\000u\000r\000s\000\040\000d\000e\000\040\000c\000a\000i\000s\000s\000e}{chapter.5}% 24
\BOOKMARK [1][-]{section.5.3}{\376\377\000P\000o\000u\000r\000\040\000c\000r\000\351\000e\000r\000\040\000u\000n\000e\000\040\000c\000a\000t\000\351\000g\000o\000r\000i\000e\000\040\000d\000'\000o\000p\000\351\000r\000a\000t\000i\000o\000n}{chapter.5}% 25
\BOOKMARK [1][-]{section.5.4}{\376\377\000P\000o\000u\000r\000\040\000e\000n\000r\000e\000g\000i\000s\000t\000r\000e\000r\000\040\000u\000n\000e\000\040\000o\000p\000\351\000r\000a\000t\000i\000o\000n}{chapter.5}% 26
\BOOKMARK [1][-]{section.5.5}{\376\377\000P\000o\000u\000r\000\040\000e\000x\000p\000o\000r\000t\000e\000r\000\040\000l\000e\000\040\000j\000o\000u\000r\000n\000a\000l}{chapter.5}% 27
\BOOKMARK [0][-]{chapter.6}{\376\377\000R\000\351\000f\000\351\000r\000e\000n\000c\000e\000\040\000r\000a\000p\000i\000d\000e}{}% 28
\BOOKMARK [1][-]{section.6.1}{\376\377\000N\000a\000v\000i\000g\000a\000t\000i\000o\000n\000\040\000e\000n\000t\000r\000e\000\040\000l\000e\000s\000\040\000s\000e\000c\000t\000i\000o\000n\000s}{chapter.6}% 29
\BOOKMARK [1][-]{section.6.2}{\376\377\000E\000n\000d\000p\000o\000i\000n\000t\000s\000\040\000A\000P\000I\000\040\000d\000u\000\040\000m\000o\000d\000u\000l\000e\000\040\000R\000e\000c\000o\000u\000v\000r\000e\000m\000e\000n\000t}{chapter.6}% 30
\BOOKMARK [1][-]{section.6.3}{\376\377\000G\000l\000o\000s\000s\000a\000i\000r\000e}{chapter.6}% 31
